# Logfile created on Tue Feb 03 17:00:03 +0000 2009  [4;36;1mSQL (0.4ms)[0m   [0;1m SELECT name
 FROM sqlite_master
 WHERE type = 'table' AND NOT name = 'sqlite_sequence'
[0m
  [4;36;1mSQL (0.3ms)[0m   [0;1m SELECT name
 FROM sqlite_master
 WHERE type = 'table' AND NOT name = 'sqlite_sequence'
[0m
  [4;35;1mSQL (0.4ms)[0m   [0mselect sqlite_version(*)[0m
  [4;36;1mSQL (2.5ms)[0m   [0;1mCREATE TABLE "schema_migrations" ("version" varchar(255) NOT NULL) [0m
  [4;35;1mSQL (1.5ms)[0m   [0mCREATE UNIQUE INDEX "unique_schema_migrations" ON "schema_migrations" ("version")[0m
  [4;36;1mSQL (0.2ms)[0m   [0;1m SELECT name
 FROM sqlite_master
 WHERE type = 'table' AND NOT name = 'sqlite_sequence'
[0m
  [4;35;1mSQL (0.1ms)[0m   [0mSELECT version FROM schema_migrations[0m
Migrating to CreateMessages (20090202200532)
  [4;36;1mSQL (2.2ms)[0m   [0;1mCREATE TABLE "messages" ("id" INTEGER PRIMARY KEY AUTOINCREMENT NOT NULL, "body" text, "receiver_id" integer, "sender_id" integer, "created_at" datetime) [0m
  [4;35;1mSQL (1.4ms)[0m   [0mINSERT INTO schema_migrations (version) VALUES ('20090202200532')[0m
Migrating to CreateUsers (20090202200551)
  [4;36;1mSQL (1.6ms)[0m   [0;1mCREATE TABLE "users" ("id" INTEGER PRIMARY KEY AUTOINCREMENT NOT NULL, "created_at" datetime, "updated_at" datetime) [0m
  [4;35;1mSQL (1.8ms)[0m   [0mINSERT INTO schema_migrations (version) VALUES ('20090202200551')[0m
Migrating to CreateClients (20090205122228)
  [4;36;1mSQL (1.8ms)[0m   [0;1mCREATE TABLE "clients" ("id" INTEGER PRIMARY KEY AUTOINCREMENT NOT NULL, "user_id" integer, "handler" varchar(255), "endpoint" varchar(255), "created_at" datetime, "updated_at" datetime) [0m
  [4;35;1mSQL (2.2ms)[0m   [0mCREATE INDEX "index_clients_on_user_id" ON "clients" ("user_id")[0m
  [4;36;1mSQL (2.0ms)[0m   [0;1mCREATE INDEX "index_clients_on_handler" ON "clients" ("handler")[0m
  [4;35;1mSQL (2.2ms)[0m   [0mCREATE INDEX "index_clients_on_endpoint" ON "clients" ("endpoint")[0m
  [4;36;1mSQL (2.0ms)[0m   [0;1mINSERT INTO schema_migrations (version) VALUES ('20090205122228')[0m
Migrating to CreateClientsFollowers (20090205142849)
  [4;35;1mSQL (2.4ms)[0m   [0mCREATE TABLE "clients_followers" ("client_id" integer, "follower_id" integer) [0m
  [4;36;1mSQL (3.4ms)[0m   [0;1mINSERT INTO schema_migrations (version) VALUES ('20090205142849')[0m
Migrating to CreateClientsFollowings (20090205142859)
  [4;35;1mSQL (3.7ms)[0m   [0mCREATE TABLE "clients_followings" ("client_id" integer, "following_id" integer) [0m
  [4;36;1mSQL (1.6ms)[0m   [0;1mINSERT INTO schema_migrations (version) VALUES ('20090205142859')[0m
  [4;35;1mSQL (0.3ms)[0m   [0m SELECT name
 FROM sqlite_master
 WHERE type = 'table' AND NOT name = 'sqlite_sequence'
[0m
  [4;36;1mSQL (0.2ms)[0m   [0;1mSELECT version FROM schema_migrations[0m
  [4;35;1mSQL (0.2ms)[0m   [0m SELECT name
 FROM sqlite_master
 WHERE type = 'table' AND NOT name = 'sqlite_sequence'
[0m
  [4;36;1mSQL (0.2ms)[0m   [0;1mPRAGMA index_list("clients")[0m
  [4;35;1mSQL (0.1ms)[0m   [0mPRAGMA index_info('index_clients_on_endpoint')[0m
  [4;36;1mSQL (0.1ms)[0m   [0;1mPRAGMA index_info('index_clients_on_handler')[0m
  [4;35;1mSQL (0.1ms)[0m   [0mPRAGMA index_info('index_clients_on_user_id')[0m
  [4;36;1mSQL (0.0ms)[0m   [0;1mPRAGMA index_list("clients_followers")[0m
  [4;35;1mSQL (0.0ms)[0m   [0mPRAGMA index_list("clients_followings")[0m
  [4;36;1mSQL (0.0ms)[0m   [0;1mPRAGMA index_list("messages")[0m
  [4;35;1mSQL (0.0ms)[0m   [0mPRAGMA index_list("users")[0m
  [4;36;1mSQL (0.7ms)[0m   [0;1m SELECT name
 FROM sqlite_master
 WHERE type = 'table' AND NOT name = 'sqlite_sequence'
[0m
  [4;35;1mSQL (0.2ms)[0m   [0mSELECT version FROM schema_migrations[0m
  [4;36;1mSQL (13.5ms)[0m   [0;1mDROP TABLE "clients"[0m
  [4;35;1mSQL (2.2ms)[0m   [0mDELETE FROM schema_migrations WHERE version = '20090205122228'[0m
  [4;36;1mSQL (0.2ms)[0m   [0;1mselect sqlite_version(*)[0m
  [4;35;1mSQL (0.4ms)[0m   [0m SELECT name
 FROM sqlite_master
 WHERE type = 'table' AND NOT name = 'sqlite_sequence'
[0m
  [4;36;1mSQL (0.3ms)[0m   [0;1mSELECT version FROM schema_migrations[0m
  [4;35;1mSQL (0.3ms)[0m   [0m SELECT name
 FROM sqlite_master
 WHERE type = 'table' AND NOT name = 'sqlite_sequence'
[0m
  [4;36;1mSQL (0.1ms)[0m   [0;1mPRAGMA index_list("clients_followers")[0m
  [4;35;1mSQL (0.1ms)[0m   [0mPRAGMA index_list("clients_followings")[0m
  [4;36;1mSQL (0.1ms)[0m   [0;1mPRAGMA index_list("messages")[0m
  [4;35;1mSQL (0.0ms)[0m   [0mPRAGMA index_list("users")[0m
  [4;36;1mSQL (0.3ms)[0m   [0;1m SELECT name
 FROM sqlite_master
 WHERE type = 'table' AND NOT name = 'sqlite_sequence'
[0m
  [4;35;1mSQL (0.2ms)[0m   [0mSELECT version FROM schema_migrations[0m
  [4;36;1mSQL (3.1ms)[0m   [0;1mCREATE TABLE "clients" ("id" INTEGER PRIMARY KEY AUTOINCREMENT NOT NULL, "user_id" integer, "handler" varchar(255), "endpoint" varchar(255), "local" boolean, "created_at" datetime, "updated_at" datetime) [0m
  [4;35;1mSQL (2.4ms)[0m   [0mCREATE INDEX "index_clients_on_user_id" ON "clients" ("user_id")[0m
  [4;36;1mSQL (1.7ms)[0m   [0;1mCREATE INDEX "index_clients_on_handler" ON "clients" ("handler")[0m
  [4;35;1mSQL (2.1ms)[0m   [0mCREATE INDEX "index_clients_on_endpoint" ON "clients" ("endpoint")[0m
  [4;36;1mSQL (1.9ms)[0m   [0;1mINSERT INTO schema_migrations (version) VALUES ('20090205122228')[0m
  [4;36;1mClient Create (0.8ms)[0m   [0;1mINSERT INTO "clients" ("local", "updated_at", "handler", "user_id", "endpoint", "created_at") VALUES('t', '2009-02-05 15:09:04', 'maccman', NULL, NULL, '2009-02-05 15:09:04')[0m
Cache delete: lock/Client:1/id/1
  [4;36;1mSQL (0.9ms)[0m   [0;1m SELECT name
 FROM sqlite_master
 WHERE type = 'table' AND NOT name = 'sqlite_sequence'
[0m
  [4;35;1mSQL (0.4ms)[0m   [0mSELECT version FROM schema_migrations[0m
  [4;36;1mSQL (13.7ms)[0m   [0;1mDROP TABLE "clients_followings"[0m
  [4;35;1mSQL (1.7ms)[0m   [0mDELETE FROM schema_migrations WHERE version = '20090205142859'[0m
  [4;36;1mSQL (0.1ms)[0m   [0;1mselect sqlite_version(*)[0m
  [4;35;1mSQL (0.3ms)[0m   [0m SELECT name
 FROM sqlite_master
 WHERE type = 'table' AND NOT name = 'sqlite_sequence'
[0m
  [4;36;1mSQL (0.2ms)[0m   [0;1mSELECT version FROM schema_migrations[0m
  [4;35;1mSQL (0.2ms)[0m   [0m SELECT name
 FROM sqlite_master
 WHERE type = 'table' AND NOT name = 'sqlite_sequence'
[0m
  [4;36;1mSQL (0.2ms)[0m   [0;1mPRAGMA index_list("clients")[0m
  [4;35;1mSQL (0.1ms)[0m   [0mPRAGMA index_info('index_clients_on_endpoint')[0m
  [4;36;1mSQL (0.1ms)[0m   [0;1mPRAGMA index_info('index_clients_on_handler')[0m
  [4;35;1mSQL (0.1ms)[0m   [0mPRAGMA index_info('index_clients_on_user_id')[0m
  [4;36;1mSQL (0.0ms)[0m   [0;1mPRAGMA index_list("clients_followers")[0m
  [4;35;1mSQL (0.0ms)[0m   [0mPRAGMA index_list("messages")[0m
  [4;36;1mSQL (0.0ms)[0m   [0;1mPRAGMA index_list("users")[0m
  [4;35;1mSQL (0.3ms)[0m   [0m SELECT name
 FROM sqlite_master
 WHERE type = 'table' AND NOT name = 'sqlite_sequence'
[0m
  [4;36;1mSQL (0.2ms)[0m   [0;1mSELECT version FROM schema_migrations[0m
  [4;35;1mSQL (1.8ms)[0m   [0mCREATE TABLE "clients_following" ("client_id" integer, "following_id" integer) [0m
  [4;36;1mSQL (1.4ms)[0m   [0;1mINSERT INTO schema_migrations (version) VALUES ('20090205142859')[0m
  [4;36;1mClient Load (0.7ms)[0m   [0;1mSELECT * FROM "clients" LIMIT 1[0m
  [4;36;1mSQL (0.7ms)[0m   [0;1m SELECT name
 FROM sqlite_master
 WHERE type = 'table' AND NOT name = 'sqlite_sequence'
[0m
  [4;35;1mSQL (0.2ms)[0m   [0mSELECT version FROM schema_migrations[0m
  [4;36;1mSQL (1.8ms)[0m   [0;1mDROP TABLE "clients_following"[0m
  [4;35;1mSQL (1.7ms)[0m   [0mDELETE FROM schema_migrations WHERE version = '20090205142859'[0m
  [4;36;1mSQL (0.2ms)[0m   [0;1mselect sqlite_version(*)[0m
  [4;35;1mSQL (0.4ms)[0m   [0m SELECT name
 FROM sqlite_master
 WHERE type = 'table' AND NOT name = 'sqlite_sequence'
[0m
  [4;36;1mSQL (0.3ms)[0m   [0;1mSELECT version FROM schema_migrations[0m
  [4;35;1mSQL (0.3ms)[0m   [0m SELECT name
 FROM sqlite_master
 WHERE type = 'table' AND NOT name = 'sqlite_sequence'
[0m
  [4;36;1mSQL (0.3ms)[0m   [0;1mPRAGMA index_list("clients")[0m
  [4;35;1mSQL (0.1ms)[0m   [0mPRAGMA index_info('index_clients_on_endpoint')[0m
  [4;36;1mSQL (0.1ms)[0m   [0;1mPRAGMA index_info('index_clients_on_handler')[0m
  [4;35;1mSQL (0.1ms)[0m   [0mPRAGMA index_info('index_clients_on_user_id')[0m
  [4;36;1mSQL (0.1ms)[0m   [0;1mPRAGMA index_list("clients_followers")[0m
  [4;35;1mSQL (0.1ms)[0m   [0mPRAGMA index_list("messages")[0m
  [4;36;1mSQL (0.1ms)[0m   [0;1mPRAGMA index_list("users")[0m
  [4;36;1mClient Load (0.7ms)[0m   [0;1mSELECT * FROM "clients" LIMIT 1[0m
  [4;35;1mClient Load (0.4ms)[0m   [0mSELECT * FROM "clients" LIMIT 1[0m
  [4;36;1mClient Load (0.4ms)[0m   [0;1mSELECT * FROM "clients" LIMIT 1[0m
  [4;35;1mMessage Load (0.2ms)[0m   [0mSELECT * FROM "messages" WHERE (body = '%@maccman%' OR body = '%maccman@%') [0m
  [4;36;1mSQL (0.6ms)[0m   [0;1m SELECT name
 FROM sqlite_master
 WHERE type = 'table' AND NOT name = 'sqlite_sequence'
[0m
  [4;35;1mSQL (0.2ms)[0m   [0mSELECT version FROM schema_migrations[0m
  [4;36;1mSQL (2.7ms)[0m   [0;1mDROP TABLE "clients"[0m
  [4;35;1mSQL (2.1ms)[0m   [0mDELETE FROM schema_migrations WHERE version = '20090205122228'[0m
  [4;36;1mSQL (0.2ms)[0m   [0;1mselect sqlite_version(*)[0m
  [4;35;1mSQL (0.3ms)[0m   [0m SELECT name
 FROM sqlite_master
 WHERE type = 'table' AND NOT name = 'sqlite_sequence'
[0m
  [4;36;1mSQL (0.2ms)[0m   [0;1mSELECT version FROM schema_migrations[0m
  [4;35;1mSQL (0.2ms)[0m   [0m SELECT name
 FROM sqlite_master
 WHERE type = 'table' AND NOT name = 'sqlite_sequence'
[0m
  [4;36;1mSQL (0.0ms)[0m   [0;1mPRAGMA index_list("clients_followers")[0m
  [4;35;1mSQL (0.1ms)[0m   [0mPRAGMA index_list("messages")[0m
  [4;36;1mSQL (0.0ms)[0m   [0;1mPRAGMA index_list("users")[0m
  [4;35;1mSQL (0.3ms)[0m   [0m SELECT name
 FROM sqlite_master
 WHERE type = 'table' AND NOT name = 'sqlite_sequence'
[0m
  [4;36;1mSQL (0.2ms)[0m   [0;1mSELECT version FROM schema_migrations[0m
  [4;35;1mSQL (2.2ms)[0m   [0mCREATE TABLE "clients" ("id" INTEGER PRIMARY KEY AUTOINCREMENT NOT NULL, "user_id" integer, "handle" varchar(255), "endpoint" varchar(255), "local" boolean, "created_at" datetime, "updated_at" datetime) [0m
  [4;36;1mSQL (2.7ms)[0m   [0;1mCREATE INDEX "index_clients_on_user_id" ON "clients" ("user_id")[0m
  [4;35;1mSQL (3.3ms)[0m   [0mCREATE INDEX "index_clients_on_handle" ON "clients" ("handle")[0m
  [4;36;1mSQL (2.8ms)[0m   [0;1mCREATE INDEX "index_clients_on_endpoint" ON "clients" ("endpoint")[0m
  [4;35;1mSQL (1.9ms)[0m   [0mINSERT INTO schema_migrations (version) VALUES ('20090205122228')[0m


Processing MessagesController#index (for 127.0.0.1 at 2009-02-06 16:00:46) [GET]
  Parameters: {"action"=>"index", "controller"=>"messages"}
  [4;36;1mMessage Load (1.3ms)[0m   [0;1mSELECT * FROM "messages" LIMIT 50 OFFSET 0[0m
Completed in 52ms (View: 28, DB: 1) | 200 OK [http://localhost/]


Processing MessagesController#index (for 127.0.0.1 at 2009-02-06 16:01:42) [GET]
  Parameters: {"action"=>"index", "controller"=>"messages"}
  [4;36;1mMessage Load (0.6ms)[0m   [0;1mSELECT * FROM "messages" LIMIT 50 OFFSET 0[0m
Rendering template within layouts/application
Rendering messages/index
Completed in 229ms (View: 220, DB: 1) | 200 OK [http://localhost/]


Processing MessagesController#index (for 127.0.0.1 at 2009-02-06 16:02:29) [GET]
  Parameters: {"action"=>"index", "controller"=>"messages"}
  [4;35;1mMessage Load (0.5ms)[0m   [0mSELECT * FROM "messages" LIMIT 50 OFFSET 0[0m
Rendering template within layouts/application
Rendering messages/index

ActionView::TemplateError (You have a nil object when you didn't expect it!
You might have expected an instance of Array.
The error occurred while evaluating nil.empty?) on line #5 of app/views/messages/index.html.erb:
2:   <%= message.body %> <hr />
3: <%- end -%>
4: 
5: <% if @message.empty? %>
6:   No messages
7: <%- end -%>

    app/views/messages/index.html.erb:5

Rendered rescues/_trace (27.4ms)
Rendered rescues/_request_and_response (0.6ms)
Rendering rescues/layout (internal_server_error)


Processing MessagesController#index (for 127.0.0.1 at 2009-02-06 16:02:33) [GET]
  Parameters: {"action"=>"index", "controller"=>"messages"}
  [4;36;1mMessage Load (0.5ms)[0m   [0;1mSELECT * FROM "messages" LIMIT 50 OFFSET 0[0m
Rendering template within layouts/application
Rendering messages/index
Completed in 18ms (View: 11, DB: 0) | 200 OK [http://localhost/]


Processing SessionsController#new (for 127.0.0.1 at 2009-02-06 16:02:38) [GET]
  Parameters: {"action"=>"new", "controller"=>"sessions"}
Rendering template within layouts/application
Rendering sessions/new
Completed in 16ms (View: 13, DB: 0) | 200 OK [http://localhost/login]


Processing UsersController#new (for 127.0.0.1 at 2009-02-06 16:02:42) [GET]
  Parameters: {"action"=>"new", "controller"=>"users"}

ArgumentError (Unknown key(s): dependant):
  app/models/user.rb:39
  app/controllers/users_controller.rb:3:in `new'

Rendered rescues/_trace (26.4ms)
Rendered rescues/_request_and_response (0.3ms)
Rendering rescues/layout (internal_server_error)


Processing UsersController#new (for 127.0.0.1 at 2009-02-06 16:03:42) [GET]
  Parameters: {"action"=>"new", "controller"=>"users"}
Rendering template within layouts/application
Rendering users/new

ActionView::TemplateError (undefined method `login' for #<User id: nil, created_at: nil, updated_at: nil>) on line #7 of app/views/users/new.html.erb:
4: <%= error_messages_for :user %>
5: <% form_for :user, :url => users_path do |f| -%>
6: <p><%= label_tag 'login' %><br/>
7: <%= f.text_field :login %></p>
8: 
9: <p><%= label_tag 'email' %><br/>
10: <%= f.text_field :email %></p>

    app/views/users/new.html.erb:7
    app/views/users/new.html.erb:5

Rendered rescues/_trace (30.7ms)
Rendered rescues/_request_and_response (0.3ms)
Rendering rescues/layout (internal_server_error)
  [4;36;1mSQL (0.6ms)[0m   [0;1m SELECT name
 FROM sqlite_master
 WHERE type = 'table' AND NOT name = 'sqlite_sequence'
[0m
  [4;35;1mSQL (0.2ms)[0m   [0mSELECT version FROM schema_migrations[0m
  [4;36;1mSQL (0.1ms)[0m   [0;1mselect sqlite_version(*)[0m
  [4;35;1mSQL (0.2ms)[0m   [0m SELECT name
 FROM sqlite_master
 WHERE type = 'table' AND NOT name = 'sqlite_sequence'
[0m
  [4;36;1mSQL (0.2ms)[0m   [0;1mSELECT version FROM schema_migrations[0m
  [4;35;1mSQL (0.2ms)[0m   [0m SELECT name
 FROM sqlite_master
 WHERE type = 'table' AND NOT name = 'sqlite_sequence'
[0m
  [4;36;1mSQL (0.2ms)[0m   [0;1mPRAGMA index_list("clients")[0m
  [4;35;1mSQL (0.1ms)[0m   [0mPRAGMA index_info('index_clients_on_endpoint')[0m
  [4;36;1mSQL (0.1ms)[0m   [0;1mPRAGMA index_info('index_clients_on_handle')[0m
  [4;35;1mSQL (0.1ms)[0m   [0mPRAGMA index_info('index_clients_on_user_id')[0m
  [4;36;1mSQL (0.0ms)[0m   [0;1mPRAGMA index_list("clients_followers")[0m
  [4;35;1mSQL (0.1ms)[0m   [0mPRAGMA index_list("messages")[0m
  [4;36;1mSQL (0.0ms)[0m   [0;1mPRAGMA index_list("users")[0m
  [4;35;1mSQL (0.3ms)[0m   [0m SELECT name
 FROM sqlite_master
 WHERE type = 'table' AND NOT name = 'sqlite_sequence'
[0m
  [4;36;1mSQL (0.2ms)[0m   [0;1mSELECT version FROM schema_migrations[0m
  [4;35;1mSQL (0.3ms)[0m   [0m SELECT name
 FROM sqlite_master
 WHERE type = 'table' AND NOT name = 'sqlite_sequence'
[0m
  [4;36;1mSQL (59.0ms)[0m   [0;1mDROP TABLE "users"[0m
  [4;35;1mSQL (2.4ms)[0m   [0mCREATE TABLE "users" ("id" INTEGER PRIMARY KEY AUTOINCREMENT NOT NULL, "login" varchar(40), "name" varchar(100) DEFAULT '', "email" varchar(100), "crypted_password" varchar(40), "salt" varchar(40), "created_at" datetime, "updated_at" datetime, "remember_token" varchar(40), "remember_token_expires_at" datetime) [0m
  [4;36;1mSQL (2.5ms)[0m   [0;1mCREATE UNIQUE INDEX "index_users_on_login" ON "users" ("login")[0m
  [4;35;1mSQL (2.4ms)[0m   [0mINSERT INTO schema_migrations (version) VALUES ('20090206121908')[0m


Processing UsersController#new (for 127.0.0.1 at 2009-02-06 16:04:18) [GET]
  Parameters: {"action"=>"new", "controller"=>"users"}
Rendering template within layouts/application
Rendering users/new
Completed in 29ms (View: 17, DB: 0) | 200 OK [http://localhost/signup]


Processing UsersController#create (for 127.0.0.1 at 2009-02-06 16:04:25) [POST]
  Parameters: {"user"=>{"password_confirmation"=>"[FILTERED]", "password"=>"[FILTERED]", "login"=>"maccman", "email"=>"maccman@gmail.com"}, "commit"=>"Sign up", "action"=>"create", "authenticity_token"=>"KmHMo3xJ0y3ueiAN2cSKEJPicpYIL28Ew6J/guoJhsY=", "controller"=>"users"}
  [4;36;1mUser Exists (0.3ms)[0m   [0;1mSELECT "users".id FROM "users" WHERE ("users"."login" = 'maccman') LIMIT 1[0m
  [4;35;1mUser Exists (0.1ms)[0m   [0mSELECT "users".id FROM "users" WHERE ("users"."email" = 'maccman@gmail.com') LIMIT 1[0m
Rendering template within layouts/application
Rendering users/new
Completed in 32ms (View: 13, DB: 0) | 200 OK [http://localhost/users]


Processing UsersController#create (for 127.0.0.1 at 2009-02-06 16:04:50) [POST]
  Parameters: {"user"=>{"password_confirmation"=>"[FILTERED]", "password"=>"[FILTERED]", "login"=>"maccman", "email"=>"maccman@gmail.com"}, "commit"=>"Sign up", "action"=>"create", "authenticity_token"=>"KmHMo3xJ0y3ueiAN2cSKEJPicpYIL28Ew6J/guoJhsY=", "controller"=>"users"}
  [4;36;1mUser Exists (0.2ms)[0m   [0;1mSELECT "users".id FROM "users" WHERE ("users"."login" = 'maccman') LIMIT 1[0m
  [4;35;1mUser Exists (0.1ms)[0m   [0mSELECT "users".id FROM "users" WHERE ("users"."email" = 'maccman@gmail.com') LIMIT 1[0m
  [4;36;1mUser Create (0.6ms)[0m   [0;1mINSERT INTO "users" ("name", "salt", "updated_at", "crypted_password", "remember_token_expires_at", "remember_token", "login", "email", "created_at") VALUES('', '26f63509f666c79e9c9d6d02046432e2f6db4086', '2009-02-06 16:04:50', 'd5265eaea5e77c8175becf93426e9cffceced00e', NULL, NULL, 'maccman', 'maccman@gmail.com', '2009-02-06 16:04:50')[0m

NameError (undefined local variable or method `atts' for #<User:0x3717944>):
  app/models/user.rb:45:in `create_client!'
  app/controllers/users_controller.rb:9:in `create'

Rendered rescues/_trace (155.1ms)
Rendered rescues/_request_and_response (0.7ms)
Rendering rescues/layout (internal_server_error)
  [4;36;1mUser Load (0.6ms)[0m   [0;1mSELECT * FROM "users" LIMIT 1[0m


Processing UsersController#create (for 127.0.0.1 at 2009-02-06 16:05:22) [POST]
  Parameters: {"user"=>{"password_confirmation"=>"[FILTERED]", "password"=>"[FILTERED]", "login"=>"maccman", "email"=>"maccman@gmail.com"}, "commit"=>"Sign up", "action"=>"create", "authenticity_token"=>"KmHMo3xJ0y3ueiAN2cSKEJPicpYIL28Ew6J/guoJhsY=", "controller"=>"users"}
  [4;35;1mUser Exists (0.2ms)[0m   [0mSELECT "users".id FROM "users" WHERE ("users"."login" = 'maccman') LIMIT 1[0m
  [4;36;1mUser Exists (0.1ms)[0m   [0;1mSELECT "users".id FROM "users" WHERE ("users"."email" = 'maccman@gmail.com') LIMIT 1[0m
  [4;35;1mUser Create (123.2ms)[0m   [0mINSERT INTO "users" ("name", "salt", "updated_at", "crypted_password", "remember_token_expires_at", "remember_token", "login", "email", "created_at") VALUES('', 'dd5d871a7304c507a3647d7946f53e4e588d963c', '2009-02-06 16:05:22', '84c5c05e9c7037d854d83c3df0a8f171d06297c7', NULL, NULL, 'maccman', 'maccman@gmail.com', '2009-02-06 16:05:22')[0m
  [4;36;1mClient Exists (0.3ms)[0m   [0;1mSELECT "clients".id FROM "clients" WHERE ("clients"."handle" = 'maccman' AND "clients".endpoint = 'localhost') LIMIT 1[0m
  [4;35;1mClient Create (0.2ms)[0m   [0mINSERT INTO "clients" ("local", "handle", "updated_at", "user_id", "endpoint", "created_at") VALUES('t', 'maccman', '2009-02-06 16:05:22', 1, NULL, '2009-02-06 16:05:22')[0m

NoMethodError (undefined method `reset' for #<UsersController:0x389a488>):
  app/controllers/users_controller.rb:11:in `create'

Rendered rescues/_trace (24.0ms)
Rendered rescues/_request_and_response (0.5ms)
Rendering rescues/layout (internal_server_error)
  [4;35;1mUser Load (0.6ms)[0m   [0mSELECT * FROM "users" LIMIT 1[0m


Processing SessionsController#new (for 127.0.0.1 at 2009-02-06 16:05:44) [GET]
  Parameters: {"action"=>"new", "controller"=>"sessions"}
Rendering template within layouts/application
Rendering sessions/new
Completed in 14ms (View: 12, DB: 0) | 200 OK [http://localhost/login]


Processing SessionsController#create (for 127.0.0.1 at 2009-02-06 16:05:47) [POST]
  Parameters: {"commit"=>"Log in", "action"=>"create", "authenticity_token"=>"KmHMo3xJ0y3ueiAN2cSKEJPicpYIL28Ew6J/guoJhsY=", "controller"=>"sessions", "login"=>"maccman@gmail.com", "password"=>"[FILTERED]"}
  [4;36;1mUser Load (0.2ms)[0m   [0;1mSELECT * FROM "users" WHERE ("users"."login" = 'maccman@gmail.com') LIMIT 1[0m
Failed login for 'maccman@gmail.com' from 127.0.0.1 at Fri Feb 06 16:05:47 UTC 2009
Rendering template within layouts/application
Rendering sessions/new
Completed in 25ms (View: 12, DB: 0) | 200 OK [http://localhost/session]


Processing SessionsController#create (for 127.0.0.1 at 2009-02-06 16:05:50) [POST]
  Parameters: {"commit"=>"Log in", "action"=>"create", "authenticity_token"=>"KmHMo3xJ0y3ueiAN2cSKEJPicpYIL28Ew6J/guoJhsY=", "controller"=>"sessions", "login"=>"maccman@gmail.com", "password"=>"[FILTERED]"}
  [4;35;1mUser Load (0.2ms)[0m   [0mSELECT * FROM "users" WHERE ("users"."login" = 'maccman@gmail.com') LIMIT 1[0m
Failed login for 'maccman@gmail.com' from 127.0.0.1 at Fri Feb 06 16:05:50 UTC 2009
Rendering template within layouts/application
Rendering sessions/new
Completed in 26ms (View: 13, DB: 0) | 200 OK [http://localhost/session]


Processing SessionsController#create (for 127.0.0.1 at 2009-02-06 16:06:09) [POST]
  Parameters: {"commit"=>"Log in", "action"=>"create", "authenticity_token"=>"KmHMo3xJ0y3ueiAN2cSKEJPicpYIL28Ew6J/guoJhsY=", "controller"=>"sessions", "login"=>"maccman", "password"=>"[FILTERED]"}
  [4;36;1mUser Load (0.3ms)[0m   [0;1mSELECT * FROM "users" WHERE ("users"."login" = 'maccman') LIMIT 1[0m

NoMethodError (undefined method `handle_remember_cookie!' for #<SessionsController:0x3738018>):
  app/controllers/sessions_controller.rb:12:in `create'

Rendered rescues/_trace (20.9ms)
Rendered rescues/_request_and_response (0.3ms)
Rendering rescues/layout (internal_server_error)


Processing SessionsController#create (for 127.0.0.1 at 2009-02-06 16:11:02) [POST]
  Parameters: {"commit"=>"Log in", "action"=>"create", "authenticity_token"=>"KmHMo3xJ0y3ueiAN2cSKEJPicpYIL28Ew6J/guoJhsY=", "controller"=>"sessions", "login"=>"maccman", "password"=>"[FILTERED]"}

ActionController::InvalidAuthenticityToken (ActionController::InvalidAuthenticityToken):
  

Rendered rescues/_trace (23.9ms)
Rendered rescues/_request_and_response (0.3ms)
Rendering rescues/layout (unprocessable_entity)


Processing SessionsController#create (for 127.0.0.1 at 2009-02-06 16:11:14) [POST]
  Parameters: {"commit"=>"Log in", "action"=>"create", "authenticity_token"=>"KmHMo3xJ0y3ueiAN2cSKEJPicpYIL28Ew6J/guoJhsY=", "controller"=>"sessions", "login"=>"maccman", "password"=>"[FILTERED]"}

ActionController::InvalidAuthenticityToken (ActionController::InvalidAuthenticityToken):
  

Rendered rescues/_trace (23.7ms)
Rendered rescues/_request_and_response (0.6ms)
Rendering rescues/layout (unprocessable_entity)


Processing SessionsController#create (for 127.0.0.1 at 2009-02-06 16:11:23) [POST]
  Parameters: {"commit"=>"Log in", "action"=>"create", "authenticity_token"=>"KmHMo3xJ0y3ueiAN2cSKEJPicpYIL28Ew6J/guoJhsY=", "controller"=>"sessions", "login"=>"maccman", "password"=>"[FILTERED]"}

ActionController::InvalidAuthenticityToken (ActionController::InvalidAuthenticityToken):
  

Rendered rescues/_trace (23.0ms)
Rendered rescues/_request_and_response (0.3ms)
Rendering rescues/layout (unprocessable_entity)


Processing SessionsController#show (for 127.0.0.1 at 2009-02-06 16:13:01) [GET]
  Parameters: {"action"=>"show", "controller"=>"sessions"}

ActionController::UnknownAction (No action responded to show. Actions: create, destroy, and new):
  

Rendering rescues/layout (not_found)


Processing SessionsController#new (for 127.0.0.1 at 2009-02-06 16:13:07) [GET]
  Parameters: {"action"=>"new", "controller"=>"sessions"}
Rendering template within layouts/application
Rendering sessions/new
Completed in 14ms (View: 12, DB: 0) | 200 OK [http://localhost/login]


Processing SessionsController#create (for 127.0.0.1 at 2009-02-06 16:13:11) [POST]
  Parameters: {"commit"=>"Log in", "action"=>"create", "authenticity_token"=>"+438W1V7ERbuE1y3+NtsOhhvSg1veXTQLILhU++ESSE=", "controller"=>"sessions", "login"=>"maccman", "password"=>"[FILTERED]"}
  [4;36;1mUser Load (0.5ms)[0m   [0;1mSELECT * FROM "users" WHERE ("users"."login" = 'maccman') LIMIT 1[0m
Redirected to /
Completed in 31ms (DB: 0) | 302 Found [http://localhost/session]


Processing MessagesController#index (for 127.0.0.1 at 2009-02-06 16:13:11) [GET]
  Parameters: {"action"=>"index", "controller"=>"messages"}
  [4;35;1mMessage Load (0.6ms)[0m   [0mSELECT * FROM "messages" LIMIT 50 OFFSET 0[0m
Rendering template within layouts/application
Rendering messages/index
Completed in 26ms (View: 12, DB: 1) | 200 OK [http://localhost/]


Processing MessagesController#index (for 127.0.0.1 at 2009-02-06 16:13:13) [GET]
  Parameters: {"action"=>"index", "controller"=>"messages"}
  [4;36;1mMessage Load (0.5ms)[0m   [0;1mSELECT * FROM "messages" LIMIT 50 OFFSET 0[0m
Rendering template within layouts/application
Rendering messages/index
Completed in 17ms (View: 10, DB: 1) | 200 OK [http://localhost/]


Processing MessagesController#index (for 127.0.0.1 at 2009-02-06 16:14:10) [GET]
  Parameters: {"action"=>"index", "controller"=>"messages"}
  [4;35;1mMessage Load (0.5ms)[0m   [0mSELECT * FROM "messages" LIMIT 50 OFFSET 0[0m
Rendering template within layouts/application
Rendering messages/index
Completed in 17ms (View: 10, DB: 0) | 200 OK [http://localhost/]


Processing ApplicationController#index (for 127.0.0.1 at 2009-02-06 16:14:12) [GET]

ActionController::RoutingError (No route matches "/maccman" with {:method=>:get}):
  

Rendering rescues/layout (not_found)


Processing MessagesController#index (for 127.0.0.1 at 2009-02-06 16:14:15) [GET]
  Parameters: {"action"=>"index", "controller"=>"messages"}
  [4;36;1mMessage Load (0.5ms)[0m   [0;1mSELECT * FROM "messages" LIMIT 50 OFFSET 0[0m
Rendering template within layouts/application
Rendering messages/index
Completed in 17ms (View: 10, DB: 0) | 200 OK [http://localhost/]


Processing ApplicationController#index (for 127.0.0.1 at 2009-02-06 16:14:21) [GET]

ActionController::RoutingError (No route matches "/messsages/maccman" with {:method=>:get}):
  

Rendering rescues/layout (not_found)


Processing MessagesController#show (for 127.0.0.1 at 2009-02-06 16:14:32) [GET]
  Parameters: {"action"=>"show", "id"=>"maccman", "controller"=>"messages"}

ActionController::UnknownAction (No action responded to show. Actions: create, index, private, and replies):
  

Rendering rescues/layout (not_found)


Processing MessagesController#show (for 127.0.0.1 at 2009-02-06 16:15:19) [GET]
  Parameters: {"action"=>"show", "id"=>"maccman", "controller"=>"messages"}
  [4;35;1mMessage Load (0.2ms)[0m   [0mSELECT * FROM "messages" LIMIT 50 OFFSET 0[0m
  [4;36;1mClient Load (0.3ms)[0m   [0;1mSELECT * FROM "clients" WHERE ("clients"."handle" = 'maccman') LIMIT 1[0m

NoMethodError (undefined method `for_sender' for []:WillPaginate::Collection):
  app/controllers/messages_controller.rb:12:in `show'

Rendered rescues/_trace (21.7ms)
Rendered rescues/_request_and_response (0.3ms)
Rendering rescues/layout (internal_server_error)


Processing MessagesController#show (for 127.0.0.1 at 2009-02-06 16:15:44) [GET]
  Parameters: {"action"=>"show", "id"=>"maccman", "controller"=>"messages"}

NameError (undefined local variable or method `sender' for #<MessagesController:0x3735c50>):
  app/controllers/messages_controller.rb:10:in `show'

Rendered rescues/_trace (22.8ms)
Rendered rescues/_request_and_response (0.3ms)
Rendering rescues/layout (internal_server_error)


Processing MessagesController#show (for 127.0.0.1 at 2009-02-06 16:15:59) [GET]
  Parameters: {"action"=>"show", "id"=>"maccman", "controller"=>"messages"}
  [4;35;1mClient Load (0.3ms)[0m   [0mSELECT * FROM "clients" WHERE ("clients"."handle" = 'maccman') LIMIT 1[0m
  [4;36;1mMessage Load (0.0ms)[0m   [0;1mSQLite3::SQLException: no such column: messages.sender: SELECT * FROM "messages" WHERE ("messages"."sender" = 1) LIMIT 50 OFFSET 0[0m

ActiveRecord::StatementInvalid (SQLite3::SQLException: no such column: messages.sender: SELECT * FROM "messages" WHERE ("messages"."sender" = 1)  LIMIT 50 OFFSET 0):
  (__DELEGATION__):2:in `__send__'
  (__DELEGATION__):2:in `find_every_without_cache'
  (__DELEGATION__):2:in `__send__'
  (__DELEGATION__):2:in `with_scope'
  app/controllers/messages_controller.rb:11:in `show'

Rendered rescues/_trace (31.0ms)
Rendered rescues/_request_and_response (0.3ms)
Rendering rescues/layout (internal_server_error)


Processing MessagesController#show (for 127.0.0.1 at 2009-02-06 16:17:10) [GET]
  Parameters: {"action"=>"show", "id"=>"maccman", "controller"=>"messages"}
  [4;35;1mClient Load (0.3ms)[0m   [0mSELECT * FROM "clients" WHERE ("clients"."handle" = 'maccman') LIMIT 1[0m
  [4;36;1mMessage Load (0.0ms)[0m   [0;1mSQLite3::SQLException: no such column: messages.sender: SELECT * FROM "messages" WHERE ("messages"."sender" = 1) LIMIT 50 OFFSET 0[0m

ActiveRecord::StatementInvalid (SQLite3::SQLException: no such column: messages.sender: SELECT * FROM "messages" WHERE ("messages"."sender" = 1)  LIMIT 50 OFFSET 0):
  (__DELEGATION__):2:in `__send__'
  (__DELEGATION__):2:in `find_every_without_cache'
  (__DELEGATION__):2:in `__send__'
  (__DELEGATION__):2:in `with_scope'
  app/controllers/messages_controller.rb:11:in `show'

Rendered rescues/_trace (123.8ms)
Rendered rescues/_request_and_response (0.3ms)
Rendering rescues/layout (internal_server_error)


Processing MessagesController#show (for 127.0.0.1 at 2009-02-06 16:17:12) [GET]
  Parameters: {"action"=>"show", "id"=>"maccman", "controller"=>"messages"}
  [4;35;1mClient Load (0.3ms)[0m   [0mSELECT * FROM "clients" WHERE ("clients"."handle" = 'maccman') LIMIT 1[0m
  [4;36;1mMessage Load (0.0ms)[0m   [0;1mSQLite3::SQLException: no such column: messages.sender: SELECT * FROM "messages" WHERE ("messages"."sender" = 1) LIMIT 50 OFFSET 0[0m

ActiveRecord::StatementInvalid (SQLite3::SQLException: no such column: messages.sender: SELECT * FROM "messages" WHERE ("messages"."sender" = 1)  LIMIT 50 OFFSET 0):
  (__DELEGATION__):2:in `__send__'
  (__DELEGATION__):2:in `find_every_without_cache'
  (__DELEGATION__):2:in `__send__'
  (__DELEGATION__):2:in `with_scope'
  app/controllers/messages_controller.rb:11:in `show'

Rendered rescues/_trace (31.1ms)
Rendered rescues/_request_and_response (0.3ms)
Rendering rescues/layout (internal_server_error)


Processing MessagesController#show (for 127.0.0.1 at 2009-02-06 16:17:34) [GET]
  Parameters: {"action"=>"show", "id"=>"maccman", "controller"=>"messages"}
  [4;35;1mClient Load (0.3ms)[0m   [0mSELECT * FROM "clients" WHERE ("clients"."handle" = 'maccman') LIMIT 1[0m
  [4;36;1mMessage Load (0.2ms)[0m   [0;1mSELECT * FROM "messages" WHERE ("messages"."sender_id" = 1) LIMIT 50 OFFSET 0[0m

ActionView::MissingTemplate (Missing template messages/show.erb in view path app/views):
  

Rendering rescues/layout (internal_server_error)


Processing ApplicationController#show (for 127.0.0.1 at 2009-02-06 16:18:01) [GET]
  Parameters: {"action"=>"show", "id"=>"maccman", "controller"=>"messages"}

SyntaxError (/Users/Alex/dtwitter/app/controllers/messages_controller.rb:12: syntax error, unexpected '{', expecting kEND
/Users/Alex/dtwitter/app/controllers/messages_controller.rb:38: syntax error, unexpected $end, expecting kEND):
  

Rendered rescues/_trace (19.9ms)
Rendered rescues/_request_and_response (0.3ms)
Rendering rescues/layout (internal_server_error)


Processing MessagesController#show (for 127.0.0.1 at 2009-02-06 16:18:08) [GET]
  Parameters: {"action"=>"show", "id"=>"maccman", "controller"=>"messages"}
  [4;35;1mClient Load (0.3ms)[0m   [0mSELECT * FROM "clients" WHERE ("clients"."handle" = 'maccman') LIMIT 1[0m
  [4;36;1mMessage Load (0.2ms)[0m   [0;1mSELECT * FROM "messages" WHERE ("messages"."sender_id" = 1) LIMIT 50 OFFSET 0[0m

ActionView::MissingTemplate (Missing template messages/show.erb in view path app/views):
  

Rendering rescues/layout (internal_server_error)


Processing MessagesController#show (for 127.0.0.1 at 2009-02-06 16:18:26) [GET]
  Parameters: {"action"=>"show", "id"=>"maccman", "controller"=>"messages"}
  [4;35;1mClient Load (0.3ms)[0m   [0mSELECT * FROM "clients" WHERE ("clients"."handle" = 'maccman') LIMIT 1[0m
  [4;36;1mMessage Load (0.2ms)[0m   [0;1mSELECT * FROM "messages" WHERE ("messages"."sender_id" = 1) LIMIT 50 OFFSET 0[0m

ActionView::MissingTemplate (Missing template messages/show.erb in view path app/views):
  

Rendering rescues/layout (internal_server_error)


Processing MessagesController#show (for 127.0.0.1 at 2009-02-06 16:18:50) [GET]
  Parameters: {"action"=>"show", "id"=>"maccman", "controller"=>"messages"}
  [4;35;1mClient Load (0.3ms)[0m   [0mSELECT * FROM "clients" WHERE ("clients"."handle" = 'maccman') LIMIT 1[0m
  [4;36;1mMessage Load (0.2ms)[0m   [0;1mSELECT * FROM "messages" WHERE ("messages"."sender_id" = 1) LIMIT 50 OFFSET 0[0m

ActionView::MissingTemplate (Missing template messages/show.erb in view path app/views):
  

Rendering rescues/layout (internal_server_error)


Processing MessagesController#show (for 127.0.0.1 at 2009-02-06 16:19:01) [GET]
  Parameters: {"action"=>"show", "id"=>"maccman", "controller"=>"messages"}
  [4;36;1mClient Load (0.3ms)[0m   [0;1mSELECT * FROM "clients" WHERE ("clients"."handle" = 'maccman') LIMIT 1[0m
  [4;35;1mMessage Load (0.2ms)[0m   [0mSELECT * FROM "messages" WHERE ("messages"."sender_id" = 1) LIMIT 50 OFFSET 0[0m

ActionView::MissingTemplate (Missing template messages/show.erb in view path app/views):
  

Rendering rescues/layout (internal_server_error)


Processing MessagesController#show (for 127.0.0.1 at 2009-02-06 16:19:02) [GET]
  Parameters: {"action"=>"show", "id"=>"maccman", "controller"=>"messages"}
  [4;36;1mClient Load (0.3ms)[0m   [0;1mSELECT * FROM "clients" WHERE ("clients"."handle" = 'maccman') LIMIT 1[0m
  [4;35;1mMessage Load (0.2ms)[0m   [0mSELECT * FROM "messages" WHERE ("messages"."sender_id" = 1) LIMIT 50 OFFSET 0[0m

ActionView::MissingTemplate (Missing template messages/show.erb in view path app/views):
  

Rendering rescues/layout (internal_server_error)


Processing MessagesController#show (for 127.0.0.1 at 2009-02-06 16:19:30) [GET]
  Parameters: {"action"=>"show", "id"=>"maccman", "controller"=>"messages"}
  [4;36;1mClient Load (0.4ms)[0m   [0;1mSELECT * FROM "clients" WHERE ("clients"."handle" = 'maccman') LIMIT 1[0m
  [4;35;1mMessage Load (0.2ms)[0m   [0mSELECT * FROM "messages" WHERE ("messages"."sender_id" = 1) LIMIT 50 OFFSET 0[0m

ActionView::MissingTemplate (Missing template messages/show.erb in view path app/views):
  

Rendering rescues/layout (internal_server_error)


Processing MessagesController#show to html (for 127.0.0.1 at 2009-02-06 16:19:43) [GET]
  Parameters: {"format"=>"html", "action"=>"show", "id"=>"maccman", "controller"=>"messages"}
  [4;36;1mClient Load (0.4ms)[0m   [0;1mSELECT * FROM "clients" WHERE ("clients"."handle" = 'maccman') LIMIT 1[0m
  [4;35;1mMessage Load (0.2ms)[0m   [0mSELECT * FROM "messages" WHERE ("messages"."sender_id" = 1) LIMIT 50 OFFSET 0[0m

ActionView::MissingTemplate (Missing template messages/show.erb in view path app/views):
  

Rendering rescues/layout (internal_server_error)


Processing MessagesController#show to html (for 127.0.0.1 at 2009-02-06 16:20:16) [GET]
  Parameters: {"format"=>"html", "action"=>"show", "id"=>"maccman", "controller"=>"messages"}
  [4;36;1mClient Load (0.4ms)[0m   [0;1mSELECT * FROM "clients" WHERE ("clients"."handle" = 'maccman') LIMIT 1[0m
  [4;35;1mMessage Load (0.2ms)[0m   [0mSELECT * FROM "messages" WHERE ("messages"."sender_id" = 1) LIMIT 50 OFFSET 0[0m

ActionView::MissingTemplate (Missing template messages/show.erb in view path app/views):
  

Rendering rescues/layout (internal_server_error)


Processing MessagesController#show to html (for 127.0.0.1 at 2009-02-06 16:20:59) [GET]
  Parameters: {"format"=>"html", "action"=>"show", "id"=>"maccman", "controller"=>"messages"}
  [4;36;1mClient Load (0.4ms)[0m   [0;1mSELECT * FROM "clients" WHERE ("clients"."handle" = 'maccman') LIMIT 1[0m
  [4;35;1mMessage Load (0.2ms)[0m   [0mSELECT * FROM "messages" WHERE ("messages"."sender_id" = 1) LIMIT 50 OFFSET 0[0m
Rendering template within layouts/application
Rendering messages/index
Completed in 50ms (View: 12, DB: 1) | 200 OK [http://localhost/messages/maccman.html]


Processing MessagesController#show to html (for 127.0.0.1 at 2009-02-06 16:21:52) [GET]
  Parameters: {"format"=>"html", "action"=>"show", "id"=>"maccman", "controller"=>"messages"}
  [4;36;1mClient Load (0.5ms)[0m   [0;1mSELECT * FROM "clients" WHERE ("clients"."handle" = 'maccman') LIMIT 1[0m
  [4;35;1mMessage Load (0.2ms)[0m   [0mSELECT * FROM "messages" WHERE ("messages"."sender_id" = 1) LIMIT 50 OFFSET 0[0m
Rendering template within layouts/application
Rendering messages/index
Completed in 49ms (View: 12, DB: 1) | 200 OK [http://localhost/messages/maccman.html]


Processing MessagesController#show to html (for 127.0.0.1 at 2009-02-06 16:23:46) [GET]
  Parameters: {"format"=>"html", "action"=>"show", "id"=>"maccman", "controller"=>"messages"}
  [4;36;1mClient Load (0.4ms)[0m   [0;1mSELECT * FROM "clients" WHERE ("clients"."handle" = 'maccman') LIMIT 1[0m
  [4;35;1mMessage Load (0.2ms)[0m   [0mSELECT * FROM "messages" WHERE ("messages"."sender_id" = 1) LIMIT 50 OFFSET 0[0m
Rendering template within layouts/application
Rendering messages/index

ActionView::TemplateError (Missing template messages/_new.erb in view path app/views) on line #1 of app/views/messages/index.html.erb:
1: <%= render :partial => "new" %>
2: <hr />
3: 
4: <%- @messages.each do |message| -%>

    app/views/messages/index.html.erb:1
    app/controllers/messages_controller.rb:13:in `show'
    app/controllers/messages_controller.rb:12:in `show'

Rendered rescues/_trace (48.9ms)
Rendered rescues/_request_and_response (0.7ms)
Rendering rescues/layout (internal_server_error)


Processing MessagesController#show to html (for 127.0.0.1 at 2009-02-06 16:23:58) [GET]
  Parameters: {"format"=>"html", "action"=>"show", "id"=>"maccman", "controller"=>"messages"}
  [4;36;1mClient Load (0.4ms)[0m   [0;1mSELECT * FROM "clients" WHERE ("clients"."handle" = 'maccman') LIMIT 1[0m
  [4;35;1mMessage Load (0.2ms)[0m   [0mSELECT * FROM "messages" WHERE ("messages"."sender_id" = 1) LIMIT 50 OFFSET 0[0m
Rendering template within layouts/application
Rendering messages/index

ActionView::TemplateError (undefined local variable or method `new_message' for #<ActionView::Base:0x35d2f98>) on line #1 of app/views/messages/_new.html.erb:
1: <% form_for new_message do |f| %>
2:   
3: <% end %>

    app/views/messages/_new.html.erb:1
    app/views/messages/index.html.erb:1
    app/controllers/messages_controller.rb:13:in `show'
    app/controllers/messages_controller.rb:12:in `show'

Rendered rescues/_trace (49.7ms)
Rendered rescues/_request_and_response (0.3ms)
Rendering rescues/layout (internal_server_error)


Processing MessagesController#show to html (for 127.0.0.1 at 2009-02-06 16:24:04) [GET]
  Parameters: {"format"=>"html", "action"=>"show", "id"=>"maccman", "controller"=>"messages"}
  [4;36;1mClient Load (0.4ms)[0m   [0;1mSELECT * FROM "clients" WHERE ("clients"."handle" = 'maccman') LIMIT 1[0m
  [4;35;1mMessage Load (0.6ms)[0m   [0mSELECT * FROM "messages" WHERE ("messages"."sender_id" = 1) LIMIT 50 OFFSET 0[0m
Rendering template within layouts/application
Rendering messages/index

ActionView::TemplateError (undefined local variable or method `new_messages' for #<ActionView::Base:0x365f290>) on line #1 of app/views/messages/_new.html.erb:
1: <% form_for new_messages do |f| %>
2:   
3: <% end %>

    app/views/messages/_new.html.erb:1
    app/views/messages/index.html.erb:1
    app/controllers/messages_controller.rb:13:in `show'
    app/controllers/messages_controller.rb:12:in `show'

Rendered rescues/_trace (52.1ms)
Rendered rescues/_request_and_response (0.3ms)
Rendering rescues/layout (internal_server_error)


Processing MessagesController#show to html (for 127.0.0.1 at 2009-02-06 16:24:08) [GET]
  Parameters: {"format"=>"html", "action"=>"show", "id"=>"maccman", "controller"=>"messages"}
  [4;36;1mClient Load (0.4ms)[0m   [0;1mSELECT * FROM "clients" WHERE ("clients"."handle" = 'maccman') LIMIT 1[0m
  [4;35;1mMessage Load (0.2ms)[0m   [0mSELECT * FROM "messages" WHERE ("messages"."sender_id" = 1) LIMIT 50 OFFSET 0[0m
Rendering template within layouts/application
Rendering messages/index
Rendered messages/_new (166.1ms)
Completed in 213ms (View: 184, DB: 1) | 200 OK [http://localhost/messages/maccman.html]


Processing MessagesController#show to html (for 127.0.0.1 at 2009-02-06 16:24:24) [GET]
  Parameters: {"format"=>"html", "action"=>"show", "id"=>"maccman", "controller"=>"messages"}
  [4;36;1mClient Load (0.4ms)[0m   [0;1mSELECT * FROM "clients" WHERE ("clients"."handle" = 'maccman') LIMIT 1[0m
  [4;35;1mMessage Load (0.2ms)[0m   [0mSELECT * FROM "messages" WHERE ("messages"."sender_id" = 1) LIMIT 50 OFFSET 0[0m
Rendering template within layouts/application
Rendering messages/index

ActionView::TemplateError (undefined method `text' for #<ActionView::Helpers::FormBuilder:0x39515ac>) on line #2 of app/views/messages/_new.html.erb:
1: <% form_for new_message_path do |f| %>
2:   <%= f.text :body %>
3: <% end %>

    app/views/messages/_new.html.erb:2
    app/views/messages/_new.html.erb:1
    app/views/messages/index.html.erb:1
    app/controllers/messages_controller.rb:13:in `show'
    app/controllers/messages_controller.rb:12:in `show'

Rendered rescues/_trace (50.9ms)
Rendered rescues/_request_and_response (0.3ms)
Rendering rescues/layout (internal_server_error)


Processing MessagesController#show to html (for 127.0.0.1 at 2009-02-06 16:24:30) [GET]
  Parameters: {"format"=>"html", "action"=>"show", "id"=>"maccman", "controller"=>"messages"}
  [4;36;1mClient Load (0.4ms)[0m   [0;1mSELECT * FROM "clients" WHERE ("clients"."handle" = 'maccman') LIMIT 1[0m
  [4;35;1mMessage Load (0.2ms)[0m   [0mSELECT * FROM "messages" WHERE ("messages"."sender_id" = 1) LIMIT 50 OFFSET 0[0m
Rendering template within layouts/application
Rendering messages/index
Rendered messages/_new (1.1ms)
Completed in 142ms (View: 113, DB: 1) | 200 OK [http://localhost/messages/maccman.html]


Processing MessagesController#show to html (for 127.0.0.1 at 2009-02-06 16:24:43) [GET]
  Parameters: {"format"=>"html", "action"=>"show", "id"=>"maccman", "controller"=>"messages"}
  [4;36;1mClient Load (0.4ms)[0m   [0;1mSELECT * FROM "clients" WHERE ("clients"."handle" = 'maccman') LIMIT 1[0m
  [4;35;1mMessage Load (0.2ms)[0m   [0mSELECT * FROM "messages" WHERE ("messages"."sender_id" = 1) LIMIT 50 OFFSET 0[0m
Rendering template within layouts/application
Rendering messages/index
Rendered messages/_new (1.2ms)
Completed in 50ms (View: 21, DB: 1) | 200 OK [http://localhost/messages/maccman.html]


Processing ApplicationController#index (for 127.0.0.1 at 2009-02-06 16:25:19) [POST]
  Parameters: {"commit"=>"Add", "/messages/new"=>{"body"=>"test"}, "authenticity_token"=>"M4XuQQ5NBipqnU3THi9RMGmEL3sx9yeaBWMr5Hr0KH0="}

ActionController::MethodNotAllowed (Only get, put, and delete requests are allowed.):
  

Rendered rescues/_trace (22.1ms)
Rendered rescues/_request_and_response (0.3ms)
Rendering rescues/layout (method_not_allowed)


Processing MessagesController#show (for 127.0.0.1 at 2009-02-06 16:25:40) [GET]
  Parameters: {"action"=>"show", "id"=>"maccman", "controller"=>"messages"}
  [4;36;1mClient Load (0.4ms)[0m   [0;1mSELECT * FROM "clients" WHERE ("clients"."handle" = 'maccman') LIMIT 1[0m
  [4;35;1mMessage Load (0.2ms)[0m   [0mSELECT * FROM "messages" WHERE ("messages"."sender_id" = 1) LIMIT 50 OFFSET 0[0m
Rendering template within layouts/application
Rendering messages/index
Rendered messages/_new (1.2ms)
Completed in 148ms (View: 20, DB: 1) | 200 OK [http://localhost/messages/maccman]


Processing MessagesController#maccman (for 127.0.0.1 at 2009-02-06 16:25:45) [POST]
  Parameters: {"commit"=>"Add", "/messages/new"=>{"body"=>"foo"}, "action"=>"maccman", "authenticity_token"=>"M4XuQQ5NBipqnU3THi9RMGmEL3sx9yeaBWMr5Hr0KH0=", "controller"=>"messages"}

ActionController::UnknownAction (No action responded to maccman. Actions: create, index, private, replies, and show):
  

Rendering rescues/layout (not_found)


Processing MessagesController#show (for 127.0.0.1 at 2009-02-06 16:26:27) [GET]
  Parameters: {"action"=>"show", "id"=>"maccman", "controller"=>"messages"}
  [4;36;1mClient Load (0.4ms)[0m   [0;1mSELECT * FROM "clients" WHERE ("clients"."handle" = 'maccman') LIMIT 1[0m
  [4;35;1mMessage Load (0.2ms)[0m   [0mSELECT * FROM "messages" WHERE ("messages"."sender_id" = 1) LIMIT 50 OFFSET 0[0m
Rendering template within layouts/application
Rendering messages/index
Rendered messages/_new (1.3ms)
Completed in 50ms (View: 19, DB: 1) | 200 OK [http://localhost/messages/maccman]


Processing MessagesController#show (for 127.0.0.1 at 2009-02-06 16:26:39) [GET]
  Parameters: {"action"=>"show", "id"=>"maccman", "controller"=>"messages"}
  [4;36;1mClient Load (0.4ms)[0m   [0;1mSELECT * FROM "clients" WHERE ("clients"."handle" = 'maccman') LIMIT 1[0m
  [4;35;1mMessage Load (0.2ms)[0m   [0mSELECT * FROM "messages" WHERE ("messages"."sender_id" = 1) LIMIT 50 OFFSET 0[0m
Rendering template within layouts/application
Rendering messages/index
Rendered messages/_new (1.2ms)
Completed in 51ms (View: 19, DB: 1) | 200 OK [http://localhost/messages/maccman]


Processing MessagesController#show (for 127.0.0.1 at 2009-02-06 16:26:43) [GET]
  Parameters: {"action"=>"show", "id"=>"maccman", "controller"=>"messages"}
  [4;36;1mClient Load (0.4ms)[0m   [0;1mSELECT * FROM "clients" WHERE ("clients"."handle" = 'maccman') LIMIT 1[0m
  [4;35;1mMessage Load (0.2ms)[0m   [0mSELECT * FROM "messages" WHERE ("messages"."sender_id" = 1) LIMIT 50 OFFSET 0[0m
Rendering template within layouts/application
Rendering messages/index
Rendered messages/_new (1.1ms)
Completed in 49ms (View: 19, DB: 1) | 200 OK [http://localhost/messages/maccman]


Processing MessagesController#show (for 127.0.0.1 at 2009-02-06 16:27:03) [GET]
  Parameters: {"action"=>"show", "id"=>"maccman", "controller"=>"messages"}
  [4;36;1mClient Load (0.4ms)[0m   [0;1mSELECT * FROM "clients" WHERE ("clients"."handle" = 'maccman') LIMIT 1[0m
  [4;35;1mMessage Load (0.3ms)[0m   [0mSELECT * FROM "messages" WHERE ("messages"."sender_id" = 1) LIMIT 50 OFFSET 0[0m
Rendering template within layouts/application
Rendering messages/index

ActionView::TemplateError (undefined method `nil_class_path' for #<ActionView::Base:0x35b4db8>) on line #1 of app/views/messages/_new.html.erb:
1: <% form_for :action => :create do |f| %>
2:   <%= f.text_field :body %>
3:   <%= f.submit "Add" %>
4: <% end %>

    app/views/messages/_new.html.erb:1
    app/views/messages/index.html.erb:1
    app/controllers/messages_controller.rb:13:in `show'
    app/controllers/messages_controller.rb:12:in `show'

Rendered rescues/_trace (52.9ms)
Rendered rescues/_request_and_response (0.3ms)
Rendering rescues/layout (internal_server_error)


Processing MessagesController#show (for 127.0.0.1 at 2009-02-06 16:27:13) [GET]
  Parameters: {"action"=>"show", "id"=>"maccman", "controller"=>"messages"}
  [4;36;1mClient Load (0.4ms)[0m   [0;1mSELECT * FROM "clients" WHERE ("clients"."handle" = 'maccman') LIMIT 1[0m
  [4;35;1mMessage Load (0.2ms)[0m   [0mSELECT * FROM "messages" WHERE ("messages"."sender_id" = 1) LIMIT 50 OFFSET 0[0m
Rendering template within layouts/application
Rendering messages/index

ActionView::TemplateError (undefined method `nil_class_path' for #<ActionView::Base:0x35fcec4>) on line #1 of app/views/messages/_new.html.erb:
1: <% form_for :url => {:action => :create} do |f| %>
2:   <%= f.text_field :body %>
3:   <%= f.submit "Add" %>
4: <% end %>

    app/views/messages/_new.html.erb:1
    app/views/messages/index.html.erb:1
    app/controllers/messages_controller.rb:13:in `show'
    app/controllers/messages_controller.rb:12:in `show'

Rendered rescues/_trace (53.1ms)
Rendered rescues/_request_and_response (0.3ms)
Rendering rescues/layout (internal_server_error)


Processing MessagesController#show (for 127.0.0.1 at 2009-02-06 16:27:33) [GET]
  Parameters: {"action"=>"show", "id"=>"maccman", "controller"=>"messages"}
  [4;36;1mClient Load (0.4ms)[0m   [0;1mSELECT * FROM "clients" WHERE ("clients"."handle" = 'maccman') LIMIT 1[0m
  [4;35;1mMessage Load (0.2ms)[0m   [0mSELECT * FROM "messages" WHERE ("messages"."sender_id" = 1) LIMIT 50 OFFSET 0[0m
Rendering template within layouts/application
Rendering messages/index
ERROR: compiling _run_erb_app47views47messages47_new46html46erb_locals_new_object RAISED compile error
/Users/Alex/dtwitter/app/views/messages/_new.html.erb:1: syntax error, unexpected ')'
            old_output_buffer = output_buffer;new = local_assigns[:new];object = local_assigns[:object];;@output_buffer = '';  __in_erb_template=true ; @output_buffer.concat(( form_for :message do |f| ).to_s); @output_buffer.concat "\n"
                                                                                                                                                                                                          ^
/Users/Alex/dtwitter/app/views/messages/_new.html.erb:5: syntax error, unexpected kENSURE, expecting ')'
/Users/Alex/dtwitter/app/views/messages/_new.html.erb:7: syntax error, unexpected kEND, expecting ')'
Function body:           def _run_erb_app47views47messages47_new46html46erb_locals_new_object(local_assigns)
            old_output_buffer = output_buffer;new = local_assigns[:new];object = local_assigns[:object];;@output_buffer = '';  __in_erb_template=true ; @output_buffer.concat(( form_for :message do |f| ).to_s); @output_buffer.concat "\n"
@output_buffer.concat "  "; @output_buffer.concat(( f.text_field :body ).to_s); @output_buffer.concat "\n"
@output_buffer.concat "  "; @output_buffer.concat(( f.submit "Add" ).to_s); @output_buffer.concat "\n"
 end ; @output_buffer
          ensure
            self.output_buffer = old_output_buffer
          end
Backtrace: /Users/Alex/dtwitter/app/views/messages/_new.html.erb:7:in `compile!'
/Users/Alex/dtwitter/vendor/rails/actionpack/lib/action_view/renderable.rb:64:in `compile'
/Users/Alex/dtwitter/vendor/rails/actionpack/lib/action_view/renderable.rb:27:in `render'
/Users/Alex/dtwitter/vendor/rails/actionpack/lib/action_view/renderable_partial.rb:20:in `render'
/Users/Alex/dtwitter/vendor/rails/actionpack/lib/action_controller/benchmarking.rb:26:in `benchmark'
/Users/Alex/dtwitter/vendor/rails/activesupport/lib/active_support/core_ext/benchmark.rb:17:in `ms'
/Users/Alex/dtwitter/vendor/rails/activesupport/lib/active_support/core_ext/benchmark.rb:10:in `realtime'
/Users/Alex/dtwitter/vendor/rails/activesupport/lib/active_support/core_ext/benchmark.rb:17:in `ms'
/Users/Alex/dtwitter/vendor/rails/actionpack/lib/action_controller/benchmarking.rb:26:in `benchmark'
/Users/Alex/dtwitter/vendor/rails/actionpack/lib/action_view/renderable_partial.rb:19:in `render'
/Users/Alex/dtwitter/vendor/rails/actionpack/lib/action_view/template.rb:182:in `render_template'
/Users/Alex/dtwitter/vendor/rails/actionpack/lib/action_view/renderable_partial.rb:44:in `render_partial'
/Users/Alex/dtwitter/vendor/rails/actionpack/lib/action_view/partials.rb:184:in `render_partial'
/Users/Alex/dtwitter/vendor/rails/actionpack/lib/action_view/base.rb:249:in `render'
/Users/Alex/dtwitter/app/views/messages/index.html.erb:1:in `_run_erb_app47views47messages47index46html46erb'
/Users/Alex/dtwitter/vendor/rails/actionpack/lib/action_view/renderable.rb:35:in `send'
/Users/Alex/dtwitter/vendor/rails/actionpack/lib/action_view/renderable.rb:35:in `render'
/Users/Alex/dtwitter/vendor/rails/actionpack/lib/action_view/template.rb:182:in `render_template'
/Users/Alex/dtwitter/vendor/rails/actionpack/lib/action_view/base.rb:247:in `render'
/Users/Alex/dtwitter/vendor/rails/actionpack/lib/action_view/base.rb:318:in `_render_with_layout'
/Users/Alex/dtwitter/vendor/rails/actionpack/lib/action_view/base.rb:244:in `render'
/Users/Alex/dtwitter/vendor/rails/actionpack/lib/action_controller/base.rb:1180:in `render_for_file'
/Users/Alex/dtwitter/vendor/rails/actionpack/lib/action_controller/base.rb:912:in `render_without_benchmark'
/Users/Alex/dtwitter/vendor/rails/actionpack/lib/action_controller/benchmarking.rb:51:in `render'
/Users/Alex/dtwitter/vendor/rails/activesupport/lib/active_support/core_ext/benchmark.rb:17:in `ms'
/Users/Alex/dtwitter/vendor/rails/activesupport/lib/active_support/core_ext/benchmark.rb:10:in `realtime'
/Users/Alex/dtwitter/vendor/rails/activesupport/lib/active_support/core_ext/benchmark.rb:17:in `ms'
/Users/Alex/dtwitter/vendor/rails/actionpack/lib/action_controller/benchmarking.rb:51:in `render'
/Users/Alex/dtwitter/app/controllers/messages_controller.rb:13:in `show'
/Users/Alex/dtwitter/vendor/plugins/rest_responses/lib/rest_responses.rb:49:in `responds'
/Users/Alex/dtwitter/vendor/rails/actionpack/lib/action_controller/mime_responds.rb:135:in `call'
/Users/Alex/dtwitter/vendor/rails/actionpack/lib/action_controller/mime_responds.rb:135:in `custom'
/Users/Alex/dtwitter/vendor/rails/actionpack/lib/action_controller/mime_responds.rb:179:in `call'
/Users/Alex/dtwitter/vendor/rails/actionpack/lib/action_controller/mime_responds.rb:179:in `respond'
/Users/Alex/dtwitter/vendor/rails/actionpack/lib/action_controller/mime_responds.rb:173:in `each'
/Users/Alex/dtwitter/vendor/rails/actionpack/lib/action_controller/mime_responds.rb:173:in `respond'
/Users/Alex/dtwitter/vendor/rails/actionpack/lib/action_controller/mime_responds.rb:107:in `respond_to'
/Users/Alex/dtwitter/vendor/plugins/rest_responses/lib/rest_responses.rb:42:in `responds'
/Users/Alex/dtwitter/app/controllers/messages_controller.rb:12:in `show'
/Users/Alex/dtwitter/vendor/rails/actionpack/lib/action_controller/base.rb:1261:in `send'
/Users/Alex/dtwitter/vendor/rails/actionpack/lib/action_controller/base.rb:1261:in `perform_action_without_filters'
/Users/Alex/dtwitter/vendor/rails/actionpack/lib/action_controller/filters.rb:617:in `call_filters'
/Users/Alex/dtwitter/vendor/rails/actionpack/lib/action_controller/filters.rb:610:in `perform_action_without_benchmark'
/Users/Alex/dtwitter/vendor/rails/actionpack/lib/action_controller/benchmarking.rb:68:in `perform_action_without_rescue'
/Users/Alex/dtwitter/vendor/rails/activesupport/lib/active_support/core_ext/benchmark.rb:17:in `ms'
/Users/Alex/dtwitter/vendor/rails/activesupport/lib/active_support/core_ext/benchmark.rb:10:in `realtime'
/Users/Alex/dtwitter/vendor/rails/activesupport/lib/active_support/core_ext/benchmark.rb:17:in `ms'
/Users/Alex/dtwitter/vendor/rails/actionpack/lib/action_controller/benchmarking.rb:68:in `perform_action_without_rescue'
/Users/Alex/dtwitter/vendor/rails/actionpack/lib/action_controller/rescue.rb:154:in `perform_action_without_flash'
/Users/Alex/dtwitter/vendor/rails/actionpack/lib/action_controller/flash.rb:141:in `perform_action'
/Users/Alex/dtwitter/vendor/rails/actionpack/lib/action_controller/base.rb:523:in `send'
/Users/Alex/dtwitter/vendor/rails/actionpack/lib/action_controller/base.rb:523:in `process_without_filters'
/Users/Alex/dtwitter/vendor/rails/actionpack/lib/action_controller/filters.rb:606:in `process'
/Users/Alex/dtwitter/vendor/rails/actionpack/lib/action_controller/base.rb:391:in `process'
/Users/Alex/dtwitter/vendor/rails/actionpack/lib/action_controller/base.rb:386:in `call'
/Users/Alex/dtwitter/vendor/rails/actionpack/lib/action_controller/routing/route_set.rb:433:in `call'
/Users/Alex/dtwitter/vendor/rails/actionpack/lib/action_controller/dispatcher.rb:65:in `dispatch'
/Users/Alex/dtwitter/vendor/rails/actionpack/lib/action_controller/dispatcher.rb:88:in `_call'
/Users/Alex/dtwitter/vendor/rails/actionpack/lib/action_controller/dispatcher.rb:59:in `initialize'
/Users/Alex/dtwitter/vendor/rails/activerecord/lib/active_record/query_cache.rb:29:in `call'
/Users/Alex/dtwitter/vendor/rails/activerecord/lib/active_record/query_cache.rb:29:in `call'
/Users/Alex/dtwitter/vendor/rails/activerecord/lib/active_record/connection_adapters/abstract/query_cache.rb:34:in `cache'
/Users/Alex/dtwitter/vendor/rails/activerecord/lib/active_record/query_cache.rb:9:in `cache'
/Users/Alex/dtwitter/vendor/rails/activerecord/lib/active_record/query_cache.rb:28:in `call'
/Library/Ruby/Gems/1.8/gems/rack-0.9.1/lib/rack/head.rb:9:in `call'
/Library/Ruby/Gems/1.8/gems/rack-0.9.1/lib/rack/methodoverride.rb:24:in `call'
/Users/Alex/dtwitter/vendor/rails/actionpack/lib/action_controller/params_parser.rb:15:in `call'
/Users/Alex/dtwitter/vendor/rails/actionpack/lib/action_controller/rewindable_input.rb:25:in `call'
/Users/Alex/dtwitter/vendor/rails/actionpack/lib/action_controller/session/cookie_store.rb:93:in `call'
/Users/Alex/dtwitter/vendor/rails/activesupport/lib/active_support/cache/strategy/local_cache.rb:24:in `call'
/Users/Alex/dtwitter/vendor/rails/actionpack/lib/action_controller/failsafe.rb:11:in `call'
/Users/Alex/dtwitter/vendor/rails/actionpack/lib/action_controller/rack_ext/lock.rb:15:in `call'
/Users/Alex/dtwitter/vendor/rails/actionpack/lib/action_controller/rack_ext/lock.rb:15:in `synchronize'
/Users/Alex/dtwitter/vendor/rails/actionpack/lib/action_controller/rack_ext/lock.rb:15:in `call'
/Users/Alex/dtwitter/vendor/rails/actionpack/lib/action_controller/dispatcher.rb:83:in `call'
/Users/Alex/dtwitter/vendor/rails/railties/lib/rails/rack/debugger.rb:17:in `call'
/Users/Alex/dtwitter/vendor/rails/railties/lib/rails/rack/static.rb:27:in `call'
/Users/Alex/dtwitter/vendor/rails/railties/lib/rails/rack/log_tailer.rb:17:in `call'
/Library/Ruby/Gems/1.8/gems/rack-0.9.1/lib/rack/handler/mongrel.rb:59:in `process'
/Library/Ruby/Gems/1.8/gems/mongrel-1.1.5/lib/mongrel.rb:159:in `process_client'
/Library/Ruby/Gems/1.8/gems/mongrel-1.1.5/lib/mongrel.rb:158:in `each'
/Library/Ruby/Gems/1.8/gems/mongrel-1.1.5/lib/mongrel.rb:158:in `process_client'
/Library/Ruby/Gems/1.8/gems/mongrel-1.1.5/lib/mongrel.rb:285:in `run'
/Library/Ruby/Gems/1.8/gems/mongrel-1.1.5/lib/mongrel.rb:285:in `initialize'
/Library/Ruby/Gems/1.8/gems/mongrel-1.1.5/lib/mongrel.rb:285:in `new'
/Library/Ruby/Gems/1.8/gems/mongrel-1.1.5/lib/mongrel.rb:285:in `run'
/Library/Ruby/Gems/1.8/gems/mongrel-1.1.5/lib/mongrel.rb:268:in `initialize'
/Library/Ruby/Gems/1.8/gems/mongrel-1.1.5/lib/mongrel.rb:268:in `new'
/Library/Ruby/Gems/1.8/gems/mongrel-1.1.5/lib/mongrel.rb:268:in `run'
/Library/Ruby/Gems/1.8/gems/rack-0.9.1/lib/rack/handler/mongrel.rb:32:in `run'
/Users/Alex/dtwitter/vendor/rails/railties/lib/commands/server.rb:100
/Library/Ruby/Site/1.8/rubygems/custom_require.rb:31:in `gem_original_require'
/Library/Ruby/Site/1.8/rubygems/custom_require.rb:31:in `require'
script/server:3

ActionView::TemplateError (compile error
/Users/Alex/dtwitter/app/views/messages/_new.html.erb:1: syntax error, unexpected ')'
            old_output_buffer = output_buffer;new = local_assigns[:new];object = local_assigns[:object];;@output_buffer = '';  __in_erb_template=true ; @output_buffer.concat(( form_for :message do |f| ).to_s); @output_buffer.concat "\n"
                                                                                                                                                                                                          ^
/Users/Alex/dtwitter/app/views/messages/_new.html.erb:5: syntax error, unexpected kENSURE, expecting ')'
/Users/Alex/dtwitter/app/views/messages/_new.html.erb:7: syntax error, unexpected kEND, expecting ')') on line #1 of app/views/messages/_new.html.erb:
1: <%= form_for :message do |f| %>
2:   <%= f.text_field :body %>
3:   <%= f.submit "Add" %>
4: <% end %>

    app/views/messages/_new.html.erb:7:in `compile!'
    app/views/messages/index.html.erb:1
    app/controllers/messages_controller.rb:13:in `show'
    app/controllers/messages_controller.rb:12:in `show'

Rendered rescues/_trace (152.7ms)
Rendered rescues/_request_and_response (0.3ms)
Rendering rescues/layout (internal_server_error)


Processing MessagesController#show (for 127.0.0.1 at 2009-02-06 16:27:42) [GET]
  Parameters: {"action"=>"show", "id"=>"maccman", "controller"=>"messages"}
  [4;36;1mClient Load (0.4ms)[0m   [0;1mSELECT * FROM "clients" WHERE ("clients"."handle" = 'maccman') LIMIT 1[0m
  [4;35;1mMessage Load (0.2ms)[0m   [0mSELECT * FROM "messages" WHERE ("messages"."sender_id" = 1) LIMIT 50 OFFSET 0[0m
Rendering template within layouts/application
Rendering messages/index
Rendered messages/_new (1.9ms)
Completed in 50ms (View: 21, DB: 1) | 200 OK [http://localhost/messages/maccman]


Processing MessagesController#show (for 127.0.0.1 at 2009-02-06 16:28:49) [GET]
  Parameters: {"action"=>"show", "id"=>"maccman", "controller"=>"messages"}
  [4;36;1mClient Load (0.4ms)[0m   [0;1mSELECT * FROM "clients" WHERE ("clients"."handle" = 'maccman') LIMIT 1[0m
  [4;35;1mMessage Load (0.2ms)[0m   [0mSELECT * FROM "messages" WHERE ("messages"."sender_id" = 1) LIMIT 50 OFFSET 0[0m
Rendering template within layouts/application
Rendering messages/index

ActionView::TemplateError (undefined method `body' for "/messages":String) on line #2 of app/views/messages/_new.html.erb:
1: <% form_for :message, messages_path do |f| %>
2:   <%= f.text_field :body %>
3:   <%= f.submit "Add" %>
4: <% end %>

    app/views/messages/_new.html.erb:2
    app/views/messages/_new.html.erb:1
    app/views/messages/index.html.erb:1
    app/controllers/messages_controller.rb:13:in `show'
    app/controllers/messages_controller.rb:12:in `show'

Rendered rescues/_trace (55.9ms)
Rendered rescues/_request_and_response (0.3ms)
Rendering rescues/layout (internal_server_error)


Processing MessagesController#show (for 127.0.0.1 at 2009-02-06 16:29:05) [GET]
  Parameters: {"action"=>"show", "id"=>"maccman", "controller"=>"messages"}
  [4;36;1mClient Load (0.4ms)[0m   [0;1mSELECT * FROM "clients" WHERE ("clients"."handle" = 'maccman') LIMIT 1[0m
  [4;35;1mMessage Load (0.2ms)[0m   [0mSELECT * FROM "messages" WHERE ("messages"."sender_id" = 1) LIMIT 50 OFFSET 0[0m
Rendering template within layouts/application
Rendering messages/index
Rendered messages/_new (0.7ms)
Completed in 49ms (View: 19, DB: 1) | 200 OK [http://localhost/messages/maccman]


Processing MessagesController#create (for 127.0.0.1 at 2009-02-06 16:29:17) [POST]
  Parameters: {"message"=>{"body"=>"test"}, "commit"=>"Add", "action"=>"create", "authenticity_token"=>"M4XuQQ5NBipqnU3THi9RMGmEL3sx9yeaBWMr5Hr0KH0=", "controller"=>"messages"}
  [4;36;1mClient Load (0.4ms)[0m   [0;1mSELECT * FROM "clients" WHERE ("clients".user_id = 1) LIMIT 1[0m

NoMethodError (super: no superclass method `sender='):
  app/models/message.rb:15:in `sender='
  app/controllers/messages_controller.rb:33:in `create'

Rendered rescues/_trace (31.4ms)
Rendered rescues/_request_and_response (0.3ms)
Rendering rescues/layout (internal_server_error)


Processing MessagesController#create (for 127.0.0.1 at 2009-02-06 16:30:19) [POST]
  Parameters: {"message"=>{"body"=>"test"}, "commit"=>"Add", "action"=>"create", "authenticity_token"=>"M4XuQQ5NBipqnU3THi9RMGmEL3sx9yeaBWMr5Hr0KH0=", "controller"=>"messages"}
  [4;35;1mClient Load (0.5ms)[0m   [0mSELECT * FROM "clients" WHERE ("clients".user_id = 1) LIMIT 1[0m

NoMethodError (You have a nil object when you didn't expect it!
The error occurred while evaluating nil.followers):
  app/models/message.rb:71:in `valid_sender'
  app/controllers/messages_controller.rb:34:in `create'

Rendered rescues/_trace (146.5ms)
Rendered rescues/_request_and_response (0.4ms)
Rendering rescues/layout (internal_server_error)


Processing MessagesController#create (for 127.0.0.1 at 2009-02-06 16:31:42) [POST]
  Parameters: {"message"=>{"body"=>"test"}, "commit"=>"Add", "action"=>"create", "authenticity_token"=>"M4XuQQ5NBipqnU3THi9RMGmEL3sx9yeaBWMr5Hr0KH0=", "controller"=>"messages"}
  [4;36;1mClient Load (0.4ms)[0m   [0;1mSELECT * FROM "clients" WHERE ("clients".user_id = 1) LIMIT 1[0m
